NULL
Aaron Williams raiz esq esq esq NAO
NULL
Adrian Smith raiz esq esq SIM
NULL
Al Ferrari raiz esq esq dir NAO
Alec Kessler SIM
Andy Johnson SIM
Ariel Maughan SIM
Art Burris SIM
NULL
Ben McDonald raiz esq SIM
NULL
Ben Poquette raiz esq dir NAO
Bill Ebben SIM
Bill Laimbeer SIM
NULL
Bob Kinney raiz esq dir NAO
Bob Schafer SIM
NULL
Bones McKinney raiz esq dir NAO
Carl Shaeffer SIM
NULL
Cheick Diallo raiz esq dir NAO
Chris Harris SIM
Chris Welp SIM
Cliff Barker SIM
NULL
Craig Dykema raiz SIM
Curtis Kitchen SIM
NULL
Damian Jones raiz dir esq NAO
NULL
Damjan Rudez raiz dir esq NAO
NULL
Darnell Mee raiz dir esq NAO
Darren Tillis SIM
NULL
Darryl Johnson raiz dir esq NAO
NULL
Dejounte Murray raiz dir esq NAO
NULL
Devin Booker raiz dir esq NAO
NULL
Devyn Marble raiz dir esq NAO
NULL
Dick Schnittker raiz dir esq NAO
NULL
Dijon Thompson raiz dir esq NAO
NULL
Donatas Motiejunas raiz dir esq NAO
NULL
Ed Dahler raiz dir esq NAO
Eddie Phillips SIM
NULL
Eric Riley raiz dir esq NAO
NULL
Frank Johnson raiz dir SIM
NULL
Frank Selvy raiz dir dir esq esq esq NAO
NULL
Gaylon Nickerson raiz dir dir esq esq esq NAO
George Reynolds SIM
NULL
Glenn McDonald SIM
Harold Pressley SIM
NULL
Hassan Whiteside raiz dir dir esq esq esq NAO
Herb Williams SIM
NULL
Hiram Fuller raiz dir dir esq esq esq NAO
NULL
Ira Newble raiz dir dir esq esq esq NAO
NULL
Jack George raiz dir dir esq esq esq NAO
NULL
Jack Molinas raiz dir dir esq esq esq NAO
NULL
James Blackwell raiz dir dir esq esq esq NAO
Jaren Jackson SIM
NULL
Jeff Sanders raiz dir dir esq esq SIM
NULL
Jeremy Evans raiz dir dir esq esq dir esq NAO
NULL
Jerry Fleishman raiz dir dir esq esq dir SIM
NULL
Joe Buckhalter raiz dir dir esq esq dir dir NAO
Joe Caldwell SIM
NULL
Joe Young raiz dir dir esq esq dir dir NAO
NULL
John Johnson raiz dir dir esq esq dir dir NAO
John Stroud SIM
NULL
Johnny Jones raiz dir dir esq esq dir dir NAO
Johnny Orr SIM
NULL
Ken Johnson raiz dir dir esq SIM
NULL
Ken Norman raiz dir dir esq dir SIM
Kevin Grevey SIM
NULL
Kevin Willis raiz dir dir SIM
NULL
Larry Drew raiz dir dir dir esq NAO
NULL
Larry Sykes raiz dir dir dir esq NAO
Leo Kubiak SIM
NULL
Lionel Chalmers raiz dir dir dir esq NAO
NULL
Lorenzen Wright raiz dir dir dir esq NAO
NULL
Luigi Datome raiz dir dir dir esq NAO
NULL
Luis Flores raiz dir dir dir esq NAO
NULL
Mamadou N'Diaye raiz dir dir dir esq NAO
NULL
Marcus Fizer raiz dir dir dir esq NAO
NULL
Mark Strickland raiz dir dir dir esq NAO
Marvin Barnes SIM
NULL
Mason Plumlee raiz dir dir dir esq NAO
Michael Phelps SIM
NULL
Michael Stewart raiz dir dir dir esq NAO
Mike Davis SIM
NULL
Montrezl Harrell raiz dir dir dir esq NAO
NULL
Nick Fazekas raiz dir dir dir esq NAO
NULL
Nikola Vucevic raiz dir dir dir esq NAO
NULL
Nolan Smith raiz dir dir dir esq NAO
NULL
Ollie Johnson raiz dir dir dir esq NAO
NULL
Omri Casspi raiz dir dir dir esq NAO
NULL
Othello Hunter raiz dir dir dir esq NAO
NULL
Paul Walther raiz dir dir dir SIM
NULL
Peyton Siva raiz dir dir dir dir esq NAO
NULL
Predrag Drobnjak raiz dir dir dir dir esq NAO
NULL
Quincy Acy raiz dir dir dir dir esq NAO
NULL
Ralph Drollinger raiz dir dir dir dir esq NAO
NULL
Robert Horry raiz dir dir dir dir SIM
Ron Harper SIM
Russ Schoene SIM
NULL
Sarunas Marciulionis raiz dir dir dir dir dir NAO
Stephen Thompson SIM
NULL
Thaddeus Young raiz dir dir dir dir dir NAO
Toby Kimball SIM
Tony Bennett SIM
NULL
Walter Dukes raiz dir dir dir dir dir NAO
